2021-09-24 11:50:28,868 [INFO] com.delivery.serviceprovider.ServiceProviderApplication [restartedMain] Starting ServiceProviderApplication using Java 11.0.12 on WKWIN2584935 with PID 5944 (C:\Users\haryelne\Desktop\loblaws-training\delivery-service-provider\target\classes started by haryelne in C:\Users\haryelne\Desktop\loblaws-training\delivery-service-provider)
2021-09-24 11:50:28,879 [INFO] com.delivery.serviceprovider.ServiceProviderApplication [restartedMain] The following profiles are active: dev
2021-09-24 11:50:28,948 [INFO] org.springframework.boot.devtools.restart.ChangeableUrls [restartedMain] The Class-Path manifest attribute in C:\Users\haryelne\.m2\repository\io\grpc\grpc-netty-shaded\1.34.1\grpc-netty-shaded-1.34.1.jar referenced one or more files that do not exist: file:/C:/Users/haryelne/.m2/repository/io/grpc/grpc-netty-shaded/1.34.1/grpc-core-1.34.1.jar,file:/C:/Users/haryelne/.m2/repository/io/grpc/grpc-netty-shaded/1.34.1/grpc-api-1.34.1.jar,file:/C:/Users/haryelne/.m2/repository/io/grpc/grpc-netty-shaded/1.34.1/gson-2.8.6.jar,file:/C:/Users/haryelne/.m2/repository/io/grpc/grpc-netty-shaded/1.34.1/annotations-4.1.1.4.jar,file:/C:/Users/haryelne/.m2/repository/io/grpc/grpc-netty-shaded/1.34.1/animal-sniffer-annotations-1.18.jar,file:/C:/Users/haryelne/.m2/repository/io/grpc/grpc-netty-shaded/1.34.1/error_prone_annotations-2.3.4.jar,file:/C:/Users/haryelne/.m2/repository/io/grpc/grpc-netty-shaded/1.34.1/guava-29.0-android.jar,file:/C:/Users/haryelne/.m2/repository/io/grpc/grpc-netty-shaded/1.34.1/perfmark-api-0.19.0.jar,file:/C:/Users/haryelne/.m2/repository/io/grpc/grpc-netty-shaded/1.34.1/jsr305-3.0.2.jar,file:/C:/Users/haryelne/.m2/repository/io/grpc/grpc-netty-shaded/1.34.1/grpc-context-1.34.1.jar,file:/C:/Users/haryelne/.m2/repository/io/grpc/grpc-netty-shaded/1.34.1/failureaccess-1.0.1.jar,file:/C:/Users/haryelne/.m2/repository/io/grpc/grpc-netty-shaded/1.34.1/listenablefuture-9999.0-empty-to-avoid-conflict-with-guava.jar,file:/C:/Users/haryelne/.m2/repository/io/grpc/grpc-netty-shaded/1.34.1/checker-compat-qual-2.5.5.jar,file:/C:/Users/haryelne/.m2/repository/io/grpc/grpc-netty-shaded/1.34.1/j2objc-annotations-1.3.jar
2021-09-24 11:50:28,948 [INFO] org.springframework.boot.devtools.restart.ChangeableUrls [restartedMain] The Class-Path manifest attribute in C:\Users\haryelne\.m2\repository\io\grpc\grpc-alts\1.34.1\grpc-alts-1.34.1.jar referenced one or more files that do not exist: file:/C:/Users/haryelne/.m2/repository/io/grpc/grpc-alts/1.34.1/grpc-auth-1.34.1.jar,file:/C:/Users/haryelne/.m2/repository/io/grpc/grpc-alts/1.34.1/grpc-grpclb-1.34.1.jar,file:/C:/Users/haryelne/.m2/repository/io/grpc/grpc-alts/1.34.1/grpc-protobuf-1.34.1.jar,file:/C:/Users/haryelne/.m2/repository/io/grpc/grpc-alts/1.34.1/grpc-stub-1.34.1.jar,file:/C:/Users/haryelne/.m2/repository/io/grpc/grpc-alts/1.34.1/commons-lang3-3.5.jar,file:/C:/Users/haryelne/.m2/repository/io/grpc/grpc-alts/1.34.1/protobuf-java-util-3.12.0.jar,file:/C:/Users/haryelne/.m2/repository/io/grpc/grpc-alts/1.34.1/protobuf-java-3.12.0.jar,file:/C:/Users/haryelne/.m2/repository/io/grpc/grpc-alts/1.34.1/conscrypt-openjdk-uber-2.5.1.jar,file:/C:/Users/haryelne/.m2/repository/io/grpc/grpc-alts/1.34.1/google-auth-library-oauth2-http-0.22.0.jar,file:/C:/Users/haryelne/.m2/repository/io/grpc/grpc-alts/1.34.1/grpc-netty-shaded-1.34.1.jar,file:/C:/Users/haryelne/.m2/repository/io/grpc/grpc-alts/1.34.1/grpc-core-1.34.1.jar,file:/C:/Users/haryelne/.m2/repository/io/grpc/grpc-alts/1.34.1/grpc-protobuf-lite-1.34.1.jar,file:/C:/Users/haryelne/.m2/repository/io/grpc/grpc-alts/1.34.1/grpc-api-1.34.1.jar,file:/C:/Users/haryelne/.m2/repository/io/grpc/grpc-alts/1.34.1/guava-29.0-android.jar,file:/C:/Users/haryelne/.m2/repository/io/grpc/grpc-alts/1.34.1/error_prone_annotations-2.3.4.jar,file:/C:/Users/haryelne/.m2/repository/io/grpc/grpc-alts/1.34.1/google-auth-library-credentials-0.22.0.jar,file:/C:/Users/haryelne/.m2/repository/io/grpc/grpc-alts/1.34.1/animal-sniffer-annotations-1.18.jar,file:/C:/Users/haryelne/.m2/repository/io/grpc/grpc-alts/1.34.1/google-http-client-jackson2-1.37.0.jar,file:/C:/Users/haryelne/.m2/repository/io/grpc/grpc-alts/1.34.1/google-http-client-1.37.0.jar,file:/C:/Users/haryelne/.m2/repository/io/grpc/grpc-alts/1.34.1/perfmark-api-0.19.0.jar,file:/C:/Users/haryelne/.m2/repository/io/grpc/grpc-alts/1.34.1/jsr305-3.0.2.jar,file:/C:/Users/haryelne/.m2/repository/io/grpc/grpc-alts/1.34.1/proto-google-common-protos-1.17.0.jar,file:/C:/Users/haryelne/.m2/repository/io/grpc/grpc-alts/1.34.1/auto-value-annotations-1.7.4.jar,file:/C:/Users/haryelne/.m2/repository/io/grpc/grpc-alts/1.34.1/failureaccess-1.0.1.jar,file:/C:/Users/haryelne/.m2/repository/io/grpc/grpc-alts/1.34.1/listenablefuture-9999.0-empty-to-avoid-conflict-with-guava.jar,file:/C:/Users/haryelne/.m2/repository/io/grpc/grpc-alts/1.34.1/checker-compat-qual-2.5.5.jar,file:/C:/Users/haryelne/.m2/repository/io/grpc/grpc-alts/1.34.1/j2objc-annotations-1.3.jar,file:/C:/Users/haryelne/.m2/repository/io/grpc/grpc-alts/1.34.1/grpc-context-1.34.1.jar,file:/C:/Users/haryelne/.m2/repository/io/grpc/grpc-alts/1.34.1/gson-2.8.6.jar,file:/C:/Users/haryelne/.m2/repository/io/grpc/grpc-alts/1.34.1/annotations-4.1.1.4.jar,file:/C:/Users/haryelne/.m2/repository/io/grpc/grpc-alts/1.34.1/httpclient-4.5.13.jar,file:/C:/Users/haryelne/.m2/repository/io/grpc/grpc-alts/1.34.1/httpcore-4.4.13.jar,file:/C:/Users/haryelne/.m2/repository/io/grpc/grpc-alts/1.34.1/opencensus-contrib-http-util-0.24.0.jar,file:/C:/Users/haryelne/.m2/repository/io/grpc/grpc-alts/1.34.1/opencensus-api-0.24.0.jar,file:/C:/Users/haryelne/.m2/repository/io/grpc/grpc-alts/1.34.1/jackson-core-2.11.3.jar,file:/C:/Users/haryelne/.m2/repository/io/grpc/grpc-alts/1.34.1/commons-logging-1.2.jar,file:/C:/Users/haryelne/.m2/repository/io/grpc/grpc-alts/1.34.1/commons-codec-1.11.jar
2021-09-24 11:50:28,949 [INFO] org.springframework.boot.devtools.env.DevToolsPropertyDefaultsPostProcessor [restartedMain] Devtools property defaults active! Set 'spring.devtools.add-properties' to 'false' to disable
2021-09-24 11:50:28,950 [INFO] org.springframework.boot.devtools.env.DevToolsPropertyDefaultsPostProcessor [restartedMain] For additional web related logging consider setting the 'logging.level.web' property to 'DEBUG'
2021-09-24 11:50:30,187 [INFO] org.springframework.integration.config.DefaultConfiguringBeanFactoryPostProcessor [restartedMain] No bean named 'errorChannel' has been explicitly defined. Therefore, a default PublishSubscribeChannel will be created.
2021-09-24 11:50:30,198 [INFO] org.springframework.integration.config.DefaultConfiguringBeanFactoryPostProcessor [restartedMain] No bean named 'integrationHeaderChannelRegistry' has been explicitly defined. Therefore, a default DefaultHeaderChannelRegistry will be created.
2021-09-24 11:50:30,257 [INFO] org.springframework.context.support.PostProcessorRegistrationDelegate$BeanPostProcessorChecker [restartedMain] Bean 'org.springframework.integration.config.IntegrationManagementConfiguration' of type [org.springframework.integration.config.IntegrationManagementConfiguration] is not eligible for getting processed by all BeanPostProcessors (for example: not eligible for auto-proxying)
2021-09-24 11:50:30,275 [INFO] org.springframework.context.support.PostProcessorRegistrationDelegate$BeanPostProcessorChecker [restartedMain] Bean 'integrationChannelResolver' of type [org.springframework.integration.support.channel.BeanFactoryChannelResolver] is not eligible for getting processed by all BeanPostProcessors (for example: not eligible for auto-proxying)
2021-09-24 11:50:30,277 [INFO] org.springframework.context.support.PostProcessorRegistrationDelegate$BeanPostProcessorChecker [restartedMain] Bean 'integrationDisposableAutoCreatedBeans' of type [org.springframework.integration.config.annotation.Disposables] is not eligible for getting processed by all BeanPostProcessors (for example: not eligible for auto-proxying)
2021-09-24 11:50:31,103 [INFO] org.springframework.boot.web.embedded.tomcat.TomcatWebServer [restartedMain] Tomcat initialized with port(s): 9005 (http)
2021-09-24 11:50:31,117 [INFO] org.apache.catalina.core.StandardService [restartedMain] Starting service [Tomcat]
2021-09-24 11:50:31,118 [INFO] org.apache.catalina.core.StandardEngine [restartedMain] Starting Servlet engine: [Apache Tomcat/9.0.52]
2021-09-24 11:50:31,237 [INFO] org.apache.catalina.core.ContainerBase.[Tomcat].[localhost].[/] [restartedMain] Initializing Spring embedded WebApplicationContext
2021-09-24 11:50:31,237 [INFO] org.springframework.boot.web.servlet.context.ServletWebServerApplicationContext [restartedMain] Root WebApplicationContext: initialization completed in 2287 ms
2021-09-24 11:50:31,524 [INFO] org.springframework.cloud.gcp.autoconfigure.core.GcpContextAutoConfiguration [restartedMain] The default project ID is loblaws-ecommerce-training
2021-09-24 11:50:31,561 [WARN] com.google.auth.oauth2.DefaultCredentialsProvider [restartedMain] Your application has authenticated using end user credentials from Google Cloud SDK. We recommend that most server applications use service accounts instead. If your application continues to use end user credentials from Cloud SDK, you might receive a "quota exceeded" or "API not enabled" error. For more information about service accounts, see https://cloud.google.com/docs/authentication/.
2021-09-24 11:50:31,561 [INFO] org.springframework.cloud.gcp.core.DefaultCredentialsProvider [restartedMain] Default credentials provider for user 764086051850-6qr4p6gpi6hn506pt8ejuq83di341hur.apps.googleusercontent.com
2021-09-24 11:50:31,561 [INFO] org.springframework.cloud.gcp.core.DefaultCredentialsProvider [restartedMain] Scopes in use by default credentials: [https://www.googleapis.com/auth/pubsub, https://www.googleapis.com/auth/spanner.admin, https://www.googleapis.com/auth/spanner.data, https://www.googleapis.com/auth/datastore, https://www.googleapis.com/auth/sqlservice.admin, https://www.googleapis.com/auth/devstorage.read_only, https://www.googleapis.com/auth/devstorage.read_write, https://www.googleapis.com/auth/cloudruntimeconfig, https://www.googleapis.com/auth/trace.append, https://www.googleapis.com/auth/cloud-platform, https://www.googleapis.com/auth/cloud-vision, https://www.googleapis.com/auth/bigquery, https://www.googleapis.com/auth/monitoring.write]
2021-09-24 11:50:32,852 [WARN] org.springframework.boot.devtools.autoconfigure.OptionalLiveReloadServer [restartedMain] Unable to start LiveReload server
2021-09-24 11:50:32,985 [INFO] org.springframework.cloud.function.context.catalog.BeanFactoryAwareFunctionRegistry [restartedMain] Looking up function '' with acceptedOutputTypes: []
2021-09-24 11:50:33,077 [INFO] org.springframework.integration.endpoint.EventDrivenConsumer [restartedMain] Adding {logging-channel-adapter:_org.springframework.integration.errorLogger} as a subscriber to the 'errorChannel' channel
2021-09-24 11:50:33,077 [INFO] org.springframework.integration.channel.PublishSubscribeChannel [restartedMain] Channel 'Delivery Service Provider.errorChannel' has 1 subscriber(s).
2021-09-24 11:50:33,077 [INFO] org.springframework.integration.endpoint.EventDrivenConsumer [restartedMain] started bean '_org.springframework.integration.errorLogger'
2021-09-24 11:50:33,078 [INFO] org.springframework.integration.endpoint.EventDrivenConsumer [restartedMain] Adding {service-activator:pubSubConfig.orderFulfillMessageReceiver.serviceActivator} as a subscriber to the 'shipmentCreatedForDelivery' channel
2021-09-24 11:50:33,078 [INFO] org.springframework.integration.channel.DirectChannel [restartedMain] Channel 'Delivery Service Provider.shipmentCreatedForDelivery' has 1 subscriber(s).
2021-09-24 11:50:33,078 [INFO] org.springframework.integration.endpoint.EventDrivenConsumer [restartedMain] started bean 'pubSubConfig.orderFulfillMessageReceiver.serviceActivator'
2021-09-24 11:50:33,078 [INFO] org.springframework.integration.endpoint.EventDrivenConsumer [restartedMain] Adding {message-handler:pubSubConfig.shipmentCreatedMessageSender.serviceActivator} as a subscriber to the 'deliveryStatusUpdate' channel
2021-09-24 11:50:33,078 [INFO] org.springframework.integration.channel.DirectChannel [restartedMain] Channel 'Delivery Service Provider.deliveryStatusUpdate' has 1 subscriber(s).
2021-09-24 11:50:33,078 [INFO] org.springframework.integration.endpoint.EventDrivenConsumer [restartedMain] started bean 'pubSubConfig.shipmentCreatedMessageSender.serviceActivator'
2021-09-24 11:50:33,079 [INFO] org.springframework.integration.gateway.GatewayProxyFactoryBean$MethodInvocationGateway [restartedMain] started bean 'pubSubOutboundGateway#sendToDeliveryStatusUpdate(String)'
2021-09-24 11:50:33,079 [INFO] org.springframework.integration.gateway.GatewayProxyFactoryBean [restartedMain] started bean 'pubSubOutboundGateway'
2021-09-24 11:50:33,101 [INFO] org.springframework.cloud.gcp.pubsub.integration.inbound.PubSubInboundChannelAdapter [restartedMain] started bean 'shipmentCreatedInboundChannel'; defined in: 'class path resource [com/delivery/serviceprovider/config/PubSubConfig.class]'; from source: 'com.delivery.serviceprovider.config.PubSubConfig.shipmentCreatedInboundChannel(org.springframework.messaging.MessageChannel,org.springframework.cloud.gcp.pubsub.core.PubSubTemplate)'
2021-09-24 11:50:33,115 [INFO] org.springframework.boot.web.embedded.tomcat.TomcatWebServer [restartedMain] Tomcat started on port(s): 9005 (http) with context path ''
2021-09-24 11:50:33,134 [INFO] com.delivery.serviceprovider.ServiceProviderApplication [restartedMain] Started ServiceProviderApplication in 4.812 seconds (JVM running for 5.485)
2021-09-24 12:10:47,432 [INFO] org.springframework.integration.handler.support.MessagingMethodInvokerHelper [gcp-pubsub-subscriber2] Overriding default instance of MessageHandlerMethodFactory with provided one.
2021-09-24 12:10:47,457 [INFO] com.delivery.serviceprovider.config.PubSubConfig [gcp-pubsub-subscriber2] Shipment received - {
  "shipmentId" : "848ebee2-dd5f-43cb-8887-7ee94fbf756a",
  "dateCreated" : 1632465641610,
  "orderDetails" : {
    "orderId" : 1,
    "email" : "mohdff@gmail.com",
    "address" : "abcafh",
    "startTime" : null
  },
  "status" : "CREATE_SHIPMENT"
}
2021-09-24 12:10:47,458 [INFO] com.delivery.serviceprovider.config.PubSubConfig [gcp-pubsub-subscriber2] Dumping shipment in log file {
  "shipmentId" : "848ebee2-dd5f-43cb-8887-7ee94fbf756a",
  "dateCreated" : 1632465641610,
  "orderDetails" : {
    "orderId" : 1,
    "email" : "mohdff@gmail.com",
    "address" : "abcafh",
    "startTime" : null
  },
  "status" : "CREATE_SHIPMENT"
}
2021-09-24 12:10:47,522 [INFO] com.delivery.serviceprovider.config.PubSubConfig [gcp-pubsub-subscriber2] Converted object Shipment(shipmentId=848ebee2-dd5f-43cb-8887-7ee94fbf756a, dateCreated=Fri Sep 24 12:10:41 IST 2021, orderDetails=OrderDetails(orderId=1, email=mohdff@gmail.com, address=abcafh, startTime=null), status=CREATE_SHIPMENT)
2021-09-24 12:10:57,541 [INFO] com.delivery.serviceprovider.service.DeliveryProvider [gcp-pubsub-subscriber2] STEP 1 :  Change status of 848ebee2-dd5f-43cb-8887-7ee94fbf756a to PENDING
2021-09-24 12:11:02,302 [INFO] com.delivery.serviceprovider.config.PubSubConfig [gcp-pubsub-publisher3] Message was sent via the outbound channel adapter to shipment-status topic
2021-09-24 12:11:50,083 [INFO] com.delivery.serviceprovider.config.PubSubConfig [gcp-pubsub-subscriber3] Shipment received - {
  "shipmentId" : "848ebee2-dd5f-43cb-8887-7ee94fbf756a",
  "dateCreated" : 1632465641610,
  "orderDetails" : {
    "orderId" : 1,
    "email" : "mohdff@gmail.com",
    "address" : "abcafh",
    "startTime" : null
  },
  "status" : "CREATE_SHIPMENT"
}
2021-09-24 12:11:50,084 [INFO] com.delivery.serviceprovider.config.PubSubConfig [gcp-pubsub-subscriber3] Dumping shipment in log file {
  "shipmentId" : "848ebee2-dd5f-43cb-8887-7ee94fbf756a",
  "dateCreated" : 1632465641610,
  "orderDetails" : {
    "orderId" : 1,
    "email" : "mohdff@gmail.com",
    "address" : "abcafh",
    "startTime" : null
  },
  "status" : "CREATE_SHIPMENT"
}
2021-09-24 12:11:50,088 [INFO] com.delivery.serviceprovider.config.PubSubConfig [gcp-pubsub-subscriber3] Converted object Shipment(shipmentId=848ebee2-dd5f-43cb-8887-7ee94fbf756a, dateCreated=Fri Sep 24 12:10:41 IST 2021, orderDetails=OrderDetails(orderId=1, email=mohdff@gmail.com, address=abcafh, startTime=null), status=CREATE_SHIPMENT)
2021-09-24 12:11:52,581 [INFO] com.delivery.serviceprovider.service.DeliveryProvider [gcp-pubsub-subscriber2] STEP 2 :  Change status to delivered 848ebee2-dd5f-43cb-8887-7ee94fbf756a to DELIVERED
2021-09-24 12:11:52,686 [INFO] com.delivery.serviceprovider.config.PubSubConfig [gcp-pubsub-publisher1] Message was sent via the outbound channel adapter to shipment-status topic
2021-09-24 12:12:00,103 [INFO] com.delivery.serviceprovider.service.DeliveryProvider [gcp-pubsub-subscriber3] STEP 1 :  Change status of 848ebee2-dd5f-43cb-8887-7ee94fbf756a to PENDING
2021-09-24 12:12:00,211 [INFO] com.delivery.serviceprovider.config.PubSubConfig [gcp-pubsub-publisher2] Message was sent via the outbound channel adapter to shipment-status topic
2021-09-24 12:12:55,114 [INFO] com.delivery.serviceprovider.service.DeliveryProvider [gcp-pubsub-subscriber3] STEP 2 :  Change status to delivered 848ebee2-dd5f-43cb-8887-7ee94fbf756a to DELIVERED
2021-09-24 12:12:55,266 [INFO] com.delivery.serviceprovider.config.PubSubConfig [gcp-pubsub-publisher3] Message was sent via the outbound channel adapter to shipment-status topic
2021-09-24 14:50:47,297 [INFO] com.delivery.serviceprovider.config.PubSubConfig [gcp-pubsub-subscriber1] Shipment received - {
  "shipmentId" : "265195f3-a788-479b-919e-f55b76365c75",
  "dateCreated" : 1632475241495,
  "orderDetails" : {
    "orderId" : 12,
    "email" : "mohdff@gmail.com",
    "address" : "abcafh",
    "startTime" : null
  },
  "status" : "CREATE_SHIPMENT"
}
2021-09-24 14:50:47,298 [INFO] com.delivery.serviceprovider.config.PubSubConfig [gcp-pubsub-subscriber1] Dumping shipment in log file {
  "shipmentId" : "265195f3-a788-479b-919e-f55b76365c75",
  "dateCreated" : 1632475241495,
  "orderDetails" : {
    "orderId" : 12,
    "email" : "mohdff@gmail.com",
    "address" : "abcafh",
    "startTime" : null
  },
  "status" : "CREATE_SHIPMENT"
}
2021-09-24 14:50:47,304 [INFO] com.delivery.serviceprovider.config.PubSubConfig [gcp-pubsub-subscriber1] Converted object Shipment(shipmentId=265195f3-a788-479b-919e-f55b76365c75, dateCreated=Fri Sep 24 14:50:41 IST 2021, orderDetails=OrderDetails(orderId=12, email=mohdff@gmail.com, address=abcafh, startTime=null), status=CREATE_SHIPMENT)
2021-09-24 14:50:57,311 [INFO] com.delivery.serviceprovider.service.DeliveryProvider [gcp-pubsub-subscriber1] STEP 1 :  Change status of 265195f3-a788-479b-919e-f55b76365c75 to PENDING
2021-09-24 14:51:02,096 [INFO] com.delivery.serviceprovider.config.PubSubConfig [gcp-pubsub-publisher4] Message was sent via the outbound channel adapter to shipment-status topic
2021-09-24 14:51:29,705 [INFO] com.delivery.serviceprovider.config.PubSubConfig [gcp-pubsub-subscriber2] Shipment received - {
  "shipmentId" : "6e852089-41d7-4c81-b23e-bc700bc2b18c",
  "dateCreated" : 1632475289583,
  "orderDetails" : {
    "orderId" : 12,
    "email" : "mohdff@gmail.com",
    "address" : "abcafh",
    "startTime" : null
  },
  "status" : "CREATE_SHIPMENT"
}
2021-09-24 14:51:29,706 [INFO] com.delivery.serviceprovider.config.PubSubConfig [gcp-pubsub-subscriber2] Dumping shipment in log file {
  "shipmentId" : "6e852089-41d7-4c81-b23e-bc700bc2b18c",
  "dateCreated" : 1632475289583,
  "orderDetails" : {
    "orderId" : 12,
    "email" : "mohdff@gmail.com",
    "address" : "abcafh",
    "startTime" : null
  },
  "status" : "CREATE_SHIPMENT"
}
2021-09-24 14:51:29,710 [INFO] com.delivery.serviceprovider.config.PubSubConfig [gcp-pubsub-subscriber2] Converted object Shipment(shipmentId=6e852089-41d7-4c81-b23e-bc700bc2b18c, dateCreated=Fri Sep 24 14:51:29 IST 2021, orderDetails=OrderDetails(orderId=12, email=mohdff@gmail.com, address=abcafh, startTime=null), status=CREATE_SHIPMENT)
2021-09-24 14:51:39,714 [INFO] com.delivery.serviceprovider.service.DeliveryProvider [gcp-pubsub-subscriber2] STEP 1 :  Change status of 6e852089-41d7-4c81-b23e-bc700bc2b18c to PENDING
2021-09-24 14:51:39,865 [INFO] com.delivery.serviceprovider.config.PubSubConfig [gcp-pubsub-publisher1] Message was sent via the outbound channel adapter to shipment-status topic
2021-09-24 14:51:52,324 [INFO] com.delivery.serviceprovider.service.DeliveryProvider [gcp-pubsub-subscriber1] STEP 2 :  Change status to delivered 265195f3-a788-479b-919e-f55b76365c75 to DELIVERED
2021-09-24 14:51:52,447 [INFO] com.delivery.serviceprovider.config.PubSubConfig [gcp-pubsub-publisher3] Message was sent via the outbound channel adapter to shipment-status topic
2021-09-24 14:52:34,727 [INFO] com.delivery.serviceprovider.service.DeliveryProvider [gcp-pubsub-subscriber2] STEP 2 :  Change status to delivered 6e852089-41d7-4c81-b23e-bc700bc2b18c to DELIVERED
2021-09-24 14:52:34,891 [INFO] com.delivery.serviceprovider.config.PubSubConfig [gcp-pubsub-publisher3] Message was sent via the outbound channel adapter to shipment-status topic
2021-09-24 14:53:49,741 [INFO] com.delivery.serviceprovider.config.PubSubConfig [gcp-pubsub-subscriber1] Shipment received - {
  "shipmentId" : "7576e3af-8dd8-402c-bde1-6787271f0c64",
  "dateCreated" : 1632475429353,
  "orderDetails" : {
    "orderId" : 13,
    "email" : "mohdff@gmail.com",
    "address" : "abcafh",
    "startTime" : null
  },
  "status" : "CREATE_SHIPMENT"
}
2021-09-24 14:53:49,742 [INFO] com.delivery.serviceprovider.config.PubSubConfig [gcp-pubsub-subscriber1] Dumping shipment in log file {
  "shipmentId" : "7576e3af-8dd8-402c-bde1-6787271f0c64",
  "dateCreated" : 1632475429353,
  "orderDetails" : {
    "orderId" : 13,
    "email" : "mohdff@gmail.com",
    "address" : "abcafh",
    "startTime" : null
  },
  "status" : "CREATE_SHIPMENT"
}
2021-09-24 14:53:49,748 [INFO] com.delivery.serviceprovider.config.PubSubConfig [gcp-pubsub-subscriber1] Converted object Shipment(shipmentId=7576e3af-8dd8-402c-bde1-6787271f0c64, dateCreated=Fri Sep 24 14:53:49 IST 2021, orderDetails=OrderDetails(orderId=13, email=mohdff@gmail.com, address=abcafh, startTime=null), status=CREATE_SHIPMENT)
2021-09-24 14:53:59,762 [INFO] com.delivery.serviceprovider.service.DeliveryProvider [gcp-pubsub-subscriber1] STEP 1 :  Change status of 7576e3af-8dd8-402c-bde1-6787271f0c64 to PENDING
2021-09-24 14:54:00,144 [INFO] com.delivery.serviceprovider.config.PubSubConfig [gcp-pubsub-publisher2] Message was sent via the outbound channel adapter to shipment-status topic
2021-09-24 14:54:54,766 [INFO] com.delivery.serviceprovider.service.DeliveryProvider [gcp-pubsub-subscriber1] STEP 2 :  Change status to delivered 7576e3af-8dd8-402c-bde1-6787271f0c64 to DELIVERED
2021-09-24 14:54:54,869 [INFO] com.delivery.serviceprovider.config.PubSubConfig [gcp-pubsub-publisher4] Message was sent via the outbound channel adapter to shipment-status topic
2021-09-24 15:31:07,896 [INFO] com.delivery.serviceprovider.config.PubSubConfig [gcp-pubsub-subscriber3] Shipment received - {
  "shipmentId" : "bc0700b2-6e5e-4d9e-ad8f-764ba8e66731",
  "dateCreated" : 1632477662174,
  "orderDetails" : {
    "orderId" : 12,
    "email" : "mohdff@gmail.com",
    "address" : "abcafh",
    "startTime" : null
  },
  "status" : "CREATE_SHIPMENT"
}
2021-09-24 15:31:07,896 [INFO] com.delivery.serviceprovider.config.PubSubConfig [gcp-pubsub-subscriber3] Dumping shipment in log file {
  "shipmentId" : "bc0700b2-6e5e-4d9e-ad8f-764ba8e66731",
  "dateCreated" : 1632477662174,
  "orderDetails" : {
    "orderId" : 12,
    "email" : "mohdff@gmail.com",
    "address" : "abcafh",
    "startTime" : null
  },
  "status" : "CREATE_SHIPMENT"
}
2021-09-24 15:31:07,897 [INFO] com.delivery.serviceprovider.config.PubSubConfig [gcp-pubsub-subscriber3] Converted object Shipment(shipmentId=bc0700b2-6e5e-4d9e-ad8f-764ba8e66731, dateCreated=Fri Sep 24 15:31:02 IST 2021, orderDetails=OrderDetails(orderId=12, email=mohdff@gmail.com, address=abcafh, startTime=null), status=CREATE_SHIPMENT)
2021-09-24 15:31:17,898 [INFO] com.delivery.serviceprovider.service.DeliveryProvider [gcp-pubsub-subscriber3] STEP 1 :  Change status of bc0700b2-6e5e-4d9e-ad8f-764ba8e66731 to PENDING
2021-09-24 15:31:23,061 [INFO] com.delivery.serviceprovider.config.PubSubConfig [gcp-pubsub-publisher3] Message was sent via the outbound channel adapter to shipment-status topic
2021-09-24 15:32:12,907 [INFO] com.delivery.serviceprovider.service.DeliveryProvider [gcp-pubsub-subscriber3] STEP 2 :  Change status to delivered bc0700b2-6e5e-4d9e-ad8f-764ba8e66731 to DELIVERED
2021-09-24 15:32:13,090 [INFO] com.delivery.serviceprovider.config.PubSubConfig [gcp-pubsub-publisher2] Message was sent via the outbound channel adapter to shipment-status topic
2021-09-24 15:32:26,410 [INFO] com.delivery.serviceprovider.config.PubSubConfig [gcp-pubsub-subscriber1] Shipment received - {
  "shipmentId" : "40f318c4-0c09-4aa8-80eb-8cf8714e6891",
  "dateCreated" : 1632477746283,
  "orderDetails" : {
    "orderId" : 12,
    "email" : "mohdff@gmail.com",
    "address" : "abcafh",
    "startTime" : null
  },
  "status" : "CREATE_SHIPMENT"
}
2021-09-24 15:32:26,410 [INFO] com.delivery.serviceprovider.config.PubSubConfig [gcp-pubsub-subscriber1] Dumping shipment in log file {
  "shipmentId" : "40f318c4-0c09-4aa8-80eb-8cf8714e6891",
  "dateCreated" : 1632477746283,
  "orderDetails" : {
    "orderId" : 12,
    "email" : "mohdff@gmail.com",
    "address" : "abcafh",
    "startTime" : null
  },
  "status" : "CREATE_SHIPMENT"
}
2021-09-24 15:32:26,413 [INFO] com.delivery.serviceprovider.config.PubSubConfig [gcp-pubsub-subscriber1] Converted object Shipment(shipmentId=40f318c4-0c09-4aa8-80eb-8cf8714e6891, dateCreated=Fri Sep 24 15:32:26 IST 2021, orderDetails=OrderDetails(orderId=12, email=mohdff@gmail.com, address=abcafh, startTime=null), status=CREATE_SHIPMENT)
2021-09-24 15:32:36,425 [INFO] com.delivery.serviceprovider.service.DeliveryProvider [gcp-pubsub-subscriber1] STEP 1 :  Change status of 40f318c4-0c09-4aa8-80eb-8cf8714e6891 to PENDING
2021-09-24 15:32:36,656 [INFO] com.delivery.serviceprovider.config.PubSubConfig [gcp-pubsub-publisher4] Message was sent via the outbound channel adapter to shipment-status topic
2021-09-24 15:33:31,434 [INFO] com.delivery.serviceprovider.service.DeliveryProvider [gcp-pubsub-subscriber1] STEP 2 :  Change status to delivered 40f318c4-0c09-4aa8-80eb-8cf8714e6891 to DELIVERED
2021-09-24 15:33:31,807 [INFO] com.delivery.serviceprovider.config.PubSubConfig [gcp-pubsub-publisher3] Message was sent via the outbound channel adapter to shipment-status topic
2021-09-24 15:33:59,979 [INFO] com.delivery.serviceprovider.config.PubSubConfig [gcp-pubsub-subscriber3] Shipment received - {
  "shipmentId" : "22597eee-021c-4e44-ab93-81560b6aa313",
  "dateCreated" : 1632477839594,
  "orderDetails" : {
    "orderId" : 12,
    "email" : "mohdff@gmail.com",
    "address" : "abcafh",
    "startTime" : null
  },
  "status" : "CREATE_SHIPMENT"
}
2021-09-24 15:33:59,979 [INFO] com.delivery.serviceprovider.config.PubSubConfig [gcp-pubsub-subscriber4] Shipment received - {
  "shipmentId" : "10e84f12-94e5-4378-90c8-6329a846db8d",
  "dateCreated" : 1632477839595,
  "orderDetails" : {
    "orderId" : 12,
    "email" : "mohdff@gmail.com",
    "address" : "abcafh",
    "startTime" : null
  },
  "status" : "CREATE_SHIPMENT"
}
2021-09-24 15:33:59,980 [INFO] com.delivery.serviceprovider.config.PubSubConfig [gcp-pubsub-subscriber4] Dumping shipment in log file {
  "shipmentId" : "10e84f12-94e5-4378-90c8-6329a846db8d",
  "dateCreated" : 1632477839595,
  "orderDetails" : {
    "orderId" : 12,
    "email" : "mohdff@gmail.com",
    "address" : "abcafh",
    "startTime" : null
  },
  "status" : "CREATE_SHIPMENT"
}
2021-09-24 15:33:59,980 [INFO] com.delivery.serviceprovider.config.PubSubConfig [gcp-pubsub-subscriber3] Dumping shipment in log file {
  "shipmentId" : "22597eee-021c-4e44-ab93-81560b6aa313",
  "dateCreated" : 1632477839594,
  "orderDetails" : {
    "orderId" : 12,
    "email" : "mohdff@gmail.com",
    "address" : "abcafh",
    "startTime" : null
  },
  "status" : "CREATE_SHIPMENT"
}
2021-09-24 15:33:59,981 [INFO] com.delivery.serviceprovider.config.PubSubConfig [gcp-pubsub-subscriber3] Converted object Shipment(shipmentId=22597eee-021c-4e44-ab93-81560b6aa313, dateCreated=Fri Sep 24 15:33:59 IST 2021, orderDetails=OrderDetails(orderId=12, email=mohdff@gmail.com, address=abcafh, startTime=null), status=CREATE_SHIPMENT)
2021-09-24 15:33:59,981 [INFO] com.delivery.serviceprovider.config.PubSubConfig [gcp-pubsub-subscriber4] Converted object Shipment(shipmentId=10e84f12-94e5-4378-90c8-6329a846db8d, dateCreated=Fri Sep 24 15:33:59 IST 2021, orderDetails=OrderDetails(orderId=12, email=mohdff@gmail.com, address=abcafh, startTime=null), status=CREATE_SHIPMENT)
2021-09-24 15:34:09,987 [INFO] com.delivery.serviceprovider.service.DeliveryProvider [gcp-pubsub-subscriber3] STEP 1 :  Change status of 22597eee-021c-4e44-ab93-81560b6aa313 to PENDING
2021-09-24 15:34:09,987 [INFO] com.delivery.serviceprovider.service.DeliveryProvider [gcp-pubsub-subscriber4] STEP 1 :  Change status of 10e84f12-94e5-4378-90c8-6329a846db8d to PENDING
2021-09-24 15:34:10,110 [INFO] com.delivery.serviceprovider.config.PubSubConfig [gcp-pubsub-publisher2] Message was sent via the outbound channel adapter to shipment-status topic
2021-09-24 15:34:10,111 [INFO] com.delivery.serviceprovider.config.PubSubConfig [gcp-pubsub-publisher2] Message was sent via the outbound channel adapter to shipment-status topic
2021-09-24 15:35:04,989 [INFO] com.delivery.serviceprovider.service.DeliveryProvider [gcp-pubsub-subscriber3] STEP 2 :  Change status to delivered 22597eee-021c-4e44-ab93-81560b6aa313 to DELIVERED
2021-09-24 15:35:05,005 [INFO] com.delivery.serviceprovider.service.DeliveryProvider [gcp-pubsub-subscriber4] STEP 2 :  Change status to delivered 10e84f12-94e5-4378-90c8-6329a846db8d to DELIVERED
2021-09-24 15:35:05,096 [INFO] com.delivery.serviceprovider.config.PubSubConfig [gcp-pubsub-publisher3] Message was sent via the outbound channel adapter to shipment-status topic
2021-09-24 15:35:05,111 [INFO] com.delivery.serviceprovider.config.PubSubConfig [gcp-pubsub-publisher1] Message was sent via the outbound channel adapter to shipment-status topic
2021-09-24 15:36:05,018 [INFO] com.delivery.serviceprovider.config.PubSubConfig [gcp-pubsub-subscriber1] Shipment received - {
  "shipmentId" : "e82bb06d-9f51-4832-bada-9ced034618f3",
  "dateCreated" : 1632477964646,
  "orderDetails" : {
    "orderId" : 12,
    "email" : "mohdff@gmail.com",
    "address" : "abcafh",
    "startTime" : null
  },
  "status" : "CREATE_SHIPMENT"
}
2021-09-24 15:36:05,018 [INFO] com.delivery.serviceprovider.config.PubSubConfig [gcp-pubsub-subscriber2] Shipment received - {
  "shipmentId" : "c6ead67d-7a6e-47a2-8677-c4352beaabc2",
  "dateCreated" : 1632477964646,
  "orderDetails" : {
    "orderId" : 12,
    "email" : "mohdff@gmail.com",
    "address" : "abcafh",
    "startTime" : null
  },
  "status" : "CREATE_SHIPMENT"
}
2021-09-24 15:36:05,019 [INFO] com.delivery.serviceprovider.config.PubSubConfig [gcp-pubsub-subscriber1] Dumping shipment in log file {
  "shipmentId" : "e82bb06d-9f51-4832-bada-9ced034618f3",
  "dateCreated" : 1632477964646,
  "orderDetails" : {
    "orderId" : 12,
    "email" : "mohdff@gmail.com",
    "address" : "abcafh",
    "startTime" : null
  },
  "status" : "CREATE_SHIPMENT"
}
2021-09-24 15:36:05,019 [INFO] com.delivery.serviceprovider.config.PubSubConfig [gcp-pubsub-subscriber2] Dumping shipment in log file {
  "shipmentId" : "c6ead67d-7a6e-47a2-8677-c4352beaabc2",
  "dateCreated" : 1632477964646,
  "orderDetails" : {
    "orderId" : 12,
    "email" : "mohdff@gmail.com",
    "address" : "abcafh",
    "startTime" : null
  },
  "status" : "CREATE_SHIPMENT"
}
2021-09-24 15:36:05,021 [INFO] com.delivery.serviceprovider.config.PubSubConfig [gcp-pubsub-subscriber2] Converted object Shipment(shipmentId=c6ead67d-7a6e-47a2-8677-c4352beaabc2, dateCreated=Fri Sep 24 15:36:04 IST 2021, orderDetails=OrderDetails(orderId=12, email=mohdff@gmail.com, address=abcafh, startTime=null), status=CREATE_SHIPMENT)
2021-09-24 15:36:05,021 [INFO] com.delivery.serviceprovider.config.PubSubConfig [gcp-pubsub-subscriber1] Converted object Shipment(shipmentId=e82bb06d-9f51-4832-bada-9ced034618f3, dateCreated=Fri Sep 24 15:36:04 IST 2021, orderDetails=OrderDetails(orderId=12, email=mohdff@gmail.com, address=abcafh, startTime=null), status=CREATE_SHIPMENT)
2021-09-24 15:36:15,035 [INFO] com.delivery.serviceprovider.service.DeliveryProvider [gcp-pubsub-subscriber2] STEP 1 :  Change status of c6ead67d-7a6e-47a2-8677-c4352beaabc2 to PENDING
2021-09-24 15:36:15,035 [INFO] com.delivery.serviceprovider.service.DeliveryProvider [gcp-pubsub-subscriber1] STEP 1 :  Change status of e82bb06d-9f51-4832-bada-9ced034618f3 to PENDING
2021-09-24 15:36:15,398 [INFO] com.delivery.serviceprovider.config.PubSubConfig [gcp-pubsub-publisher2] Message was sent via the outbound channel adapter to shipment-status topic
2021-09-24 15:36:15,399 [INFO] com.delivery.serviceprovider.config.PubSubConfig [gcp-pubsub-publisher2] Message was sent via the outbound channel adapter to shipment-status topic
2021-09-24 15:37:10,039 [INFO] com.delivery.serviceprovider.service.DeliveryProvider [gcp-pubsub-subscriber2] STEP 2 :  Change status to delivered c6ead67d-7a6e-47a2-8677-c4352beaabc2 to DELIVERED
2021-09-24 15:37:10,039 [INFO] com.delivery.serviceprovider.service.DeliveryProvider [gcp-pubsub-subscriber1] STEP 2 :  Change status to delivered e82bb06d-9f51-4832-bada-9ced034618f3 to DELIVERED
2021-09-24 15:37:10,148 [INFO] com.delivery.serviceprovider.config.PubSubConfig [gcp-pubsub-publisher2] Message was sent via the outbound channel adapter to shipment-status topic
2021-09-24 15:37:10,149 [INFO] com.delivery.serviceprovider.config.PubSubConfig [gcp-pubsub-publisher2] Message was sent via the outbound channel adapter to shipment-status topic
2021-09-24 15:53:55,930 [INFO] com.delivery.serviceprovider.config.PubSubConfig [gcp-pubsub-subscriber4] Shipment received - {
  "shipmentId" : "7dd2e68f-358e-4623-8335-d2c26e590c72",
  "dateCreated" : 1632479034366,
  "orderDetails" : {
    "orderId" : 12,
    "email" : "mohdff@gmail.com",
    "address" : "abcafh",
    "startTime" : null
  },
  "status" : "CREATE_SHIPMENT"
}
2021-09-24 15:53:55,932 [INFO] com.delivery.serviceprovider.config.PubSubConfig [gcp-pubsub-subscriber4] Dumping shipment in log file {
  "shipmentId" : "7dd2e68f-358e-4623-8335-d2c26e590c72",
  "dateCreated" : 1632479034366,
  "orderDetails" : {
    "orderId" : 12,
    "email" : "mohdff@gmail.com",
    "address" : "abcafh",
    "startTime" : null
  },
  "status" : "CREATE_SHIPMENT"
}
2021-09-24 15:53:55,934 [INFO] com.delivery.serviceprovider.config.PubSubConfig [gcp-pubsub-subscriber4] Converted object Shipment(shipmentId=7dd2e68f-358e-4623-8335-d2c26e590c72, dateCreated=Fri Sep 24 15:53:54 IST 2021, orderDetails=OrderDetails(orderId=12, email=mohdff@gmail.com, address=abcafh, startTime=null), status=CREATE_SHIPMENT)
2021-09-24 15:54:05,944 [INFO] com.delivery.serviceprovider.service.DeliveryProvider [gcp-pubsub-subscriber4] STEP 1 :  Change status of 7dd2e68f-358e-4623-8335-d2c26e590c72 to PENDING
2021-09-24 15:54:07,220 [INFO] com.delivery.serviceprovider.config.PubSubConfig [gcp-pubsub-publisher4] Message was sent via the outbound channel adapter to shipment-status topic
2021-09-24 15:55:00,960 [INFO] com.delivery.serviceprovider.service.DeliveryProvider [gcp-pubsub-subscriber4] STEP 2 :  Change status to delivered 7dd2e68f-358e-4623-8335-d2c26e590c72 to DELIVERED
2021-09-24 15:55:01,071 [INFO] com.delivery.serviceprovider.config.PubSubConfig [gcp-pubsub-publisher1] Message was sent via the outbound channel adapter to shipment-status topic
2021-09-24 15:57:07,122 [INFO] com.delivery.serviceprovider.config.PubSubConfig [gcp-pubsub-subscriber2] Shipment received - {
  "shipmentId" : "2c2fb9ae-7ec8-46ba-87ea-a6f82ede7c8c",
  "dateCreated" : 1632479226760,
  "orderDetails" : {
    "orderId" : 12,
    "email" : "mohdff@gmail.com",
    "address" : "abcafh",
    "startTime" : null
  },
  "status" : "CREATE_SHIPMENT"
}
2021-09-24 15:57:07,122 [INFO] com.delivery.serviceprovider.config.PubSubConfig [gcp-pubsub-subscriber2] Dumping shipment in log file {
  "shipmentId" : "2c2fb9ae-7ec8-46ba-87ea-a6f82ede7c8c",
  "dateCreated" : 1632479226760,
  "orderDetails" : {
    "orderId" : 12,
    "email" : "mohdff@gmail.com",
    "address" : "abcafh",
    "startTime" : null
  },
  "status" : "CREATE_SHIPMENT"
}
2021-09-24 15:57:07,124 [INFO] com.delivery.serviceprovider.config.PubSubConfig [gcp-pubsub-subscriber2] Converted object Shipment(shipmentId=2c2fb9ae-7ec8-46ba-87ea-a6f82ede7c8c, dateCreated=Fri Sep 24 15:57:06 IST 2021, orderDetails=OrderDetails(orderId=12, email=mohdff@gmail.com, address=abcafh, startTime=null), status=CREATE_SHIPMENT)
2021-09-24 15:57:07,148 [INFO] com.delivery.serviceprovider.config.PubSubConfig [gcp-pubsub-subscriber3] Shipment received - {
  "shipmentId" : "0249cebb-787b-49c2-90f2-4c679a9381e0",
  "dateCreated" : 1632479226762,
  "orderDetails" : {
    "orderId" : 12,
    "email" : "mohdff@gmail.com",
    "address" : "abcafh",
    "startTime" : null
  },
  "status" : "CREATE_SHIPMENT"
}
2021-09-24 15:57:07,149 [INFO] com.delivery.serviceprovider.config.PubSubConfig [gcp-pubsub-subscriber3] Dumping shipment in log file {
  "shipmentId" : "0249cebb-787b-49c2-90f2-4c679a9381e0",
  "dateCreated" : 1632479226762,
  "orderDetails" : {
    "orderId" : 12,
    "email" : "mohdff@gmail.com",
    "address" : "abcafh",
    "startTime" : null
  },
  "status" : "CREATE_SHIPMENT"
}
2021-09-24 15:57:07,151 [INFO] com.delivery.serviceprovider.config.PubSubConfig [gcp-pubsub-subscriber3] Converted object Shipment(shipmentId=0249cebb-787b-49c2-90f2-4c679a9381e0, dateCreated=Fri Sep 24 15:57:06 IST 2021, orderDetails=OrderDetails(orderId=12, email=mohdff@gmail.com, address=abcafh, startTime=null), status=CREATE_SHIPMENT)
2021-09-24 15:57:17,134 [INFO] com.delivery.serviceprovider.service.DeliveryProvider [gcp-pubsub-subscriber2] STEP 1 :  Change status of 2c2fb9ae-7ec8-46ba-87ea-a6f82ede7c8c to PENDING
2021-09-24 15:57:17,166 [INFO] com.delivery.serviceprovider.service.DeliveryProvider [gcp-pubsub-subscriber3] STEP 1 :  Change status of 0249cebb-787b-49c2-90f2-4c679a9381e0 to PENDING
2021-09-24 15:57:17,550 [INFO] com.delivery.serviceprovider.config.PubSubConfig [gcp-pubsub-publisher2] Message was sent via the outbound channel adapter to shipment-status topic
2021-09-24 15:57:17,551 [INFO] com.delivery.serviceprovider.config.PubSubConfig [gcp-pubsub-publisher2] Message was sent via the outbound channel adapter to shipment-status topic
2021-09-24 15:58:12,143 [INFO] com.delivery.serviceprovider.service.DeliveryProvider [gcp-pubsub-subscriber2] STEP 2 :  Change status to delivered 2c2fb9ae-7ec8-46ba-87ea-a6f82ede7c8c to DELIVERED
2021-09-24 15:58:12,174 [INFO] com.delivery.serviceprovider.service.DeliveryProvider [gcp-pubsub-subscriber3] STEP 2 :  Change status to delivered 0249cebb-787b-49c2-90f2-4c679a9381e0 to DELIVERED
2021-09-24 15:58:12,256 [INFO] com.delivery.serviceprovider.config.PubSubConfig [gcp-pubsub-publisher3] Message was sent via the outbound channel adapter to shipment-status topic
2021-09-24 15:58:12,310 [INFO] com.delivery.serviceprovider.config.PubSubConfig [gcp-pubsub-publisher1] Message was sent via the outbound channel adapter to shipment-status topic
2021-09-24 15:59:57,354 [INFO] com.delivery.serviceprovider.config.PubSubConfig [gcp-pubsub-subscriber3] Shipment received - {
  "shipmentId" : "5f1f1e7b-9d9b-4c70-a060-eab2ae42b312",
  "dateCreated" : 1632479396970,
  "orderDetails" : {
    "orderId" : 13,
    "email" : "mohdff@gmail.com",
    "address" : "abcafh",
    "startTime" : null
  },
  "status" : "CREATE_SHIPMENT"
}
2021-09-24 15:59:57,355 [INFO] com.delivery.serviceprovider.config.PubSubConfig [gcp-pubsub-subscriber3] Dumping shipment in log file {
  "shipmentId" : "5f1f1e7b-9d9b-4c70-a060-eab2ae42b312",
  "dateCreated" : 1632479396970,
  "orderDetails" : {
    "orderId" : 13,
    "email" : "mohdff@gmail.com",
    "address" : "abcafh",
    "startTime" : null
  },
  "status" : "CREATE_SHIPMENT"
}
2021-09-24 15:59:57,355 [INFO] com.delivery.serviceprovider.config.PubSubConfig [gcp-pubsub-subscriber1] Shipment received - {
  "shipmentId" : "9bccab98-9775-42d9-b5e4-038b999de888",
  "dateCreated" : 1632479396970,
  "orderDetails" : {
    "orderId" : 13,
    "email" : "mohdff@gmail.com",
    "address" : "abcafh",
    "startTime" : null
  },
  "status" : "CREATE_SHIPMENT"
}
2021-09-24 15:59:57,356 [INFO] com.delivery.serviceprovider.config.PubSubConfig [gcp-pubsub-subscriber1] Dumping shipment in log file {
  "shipmentId" : "9bccab98-9775-42d9-b5e4-038b999de888",
  "dateCreated" : 1632479396970,
  "orderDetails" : {
    "orderId" : 13,
    "email" : "mohdff@gmail.com",
    "address" : "abcafh",
    "startTime" : null
  },
  "status" : "CREATE_SHIPMENT"
}
2021-09-24 15:59:57,360 [INFO] com.delivery.serviceprovider.config.PubSubConfig [gcp-pubsub-subscriber3] Converted object Shipment(shipmentId=5f1f1e7b-9d9b-4c70-a060-eab2ae42b312, dateCreated=Fri Sep 24 15:59:56 IST 2021, orderDetails=OrderDetails(orderId=13, email=mohdff@gmail.com, address=abcafh, startTime=null), status=CREATE_SHIPMENT)
2021-09-24 15:59:57,367 [INFO] com.delivery.serviceprovider.config.PubSubConfig [gcp-pubsub-subscriber1] Converted object Shipment(shipmentId=9bccab98-9775-42d9-b5e4-038b999de888, dateCreated=Fri Sep 24 15:59:56 IST 2021, orderDetails=OrderDetails(orderId=13, email=mohdff@gmail.com, address=abcafh, startTime=null), status=CREATE_SHIPMENT)
2021-09-24 16:00:07,360 [INFO] com.delivery.serviceprovider.service.DeliveryProvider [gcp-pubsub-subscriber3] STEP 1 :  Change status of 5f1f1e7b-9d9b-4c70-a060-eab2ae42b312 to PENDING
2021-09-24 16:00:07,376 [INFO] com.delivery.serviceprovider.service.DeliveryProvider [gcp-pubsub-subscriber1] STEP 1 :  Change status of 9bccab98-9775-42d9-b5e4-038b999de888 to PENDING
2021-09-24 16:00:07,723 [INFO] com.delivery.serviceprovider.config.PubSubConfig [gcp-pubsub-publisher4] Message was sent via the outbound channel adapter to shipment-status topic
2021-09-24 16:00:07,742 [INFO] com.delivery.serviceprovider.config.PubSubConfig [gcp-pubsub-publisher3] Message was sent via the outbound channel adapter to shipment-status topic
2021-09-24 16:01:02,369 [INFO] com.delivery.serviceprovider.service.DeliveryProvider [gcp-pubsub-subscriber3] STEP 2 :  Change status to delivered 5f1f1e7b-9d9b-4c70-a060-eab2ae42b312 to DELIVERED
2021-09-24 16:01:02,385 [INFO] com.delivery.serviceprovider.service.DeliveryProvider [gcp-pubsub-subscriber1] STEP 2 :  Change status to delivered 9bccab98-9775-42d9-b5e4-038b999de888 to DELIVERED
2021-09-24 16:01:02,480 [INFO] com.delivery.serviceprovider.config.PubSubConfig [gcp-pubsub-publisher1] Message was sent via the outbound channel adapter to shipment-status topic
2021-09-24 16:01:02,490 [INFO] com.delivery.serviceprovider.config.PubSubConfig [gcp-pubsub-publisher4] Message was sent via the outbound channel adapter to shipment-status topic
2021-09-24 16:05:57,440 [INFO] com.delivery.serviceprovider.config.PubSubConfig [gcp-pubsub-subscriber1] Shipment received - {
  "shipmentId" : "59cfc234-5b92-4360-864a-39adeafd059f",
  "dateCreated" : 1632479739311,
  "orderDetails" : {
    "orderId" : 13,
    "email" : "mohdff@gmail.com",
    "address" : "abcafh",
    "startTime" : null
  },
  "status" : "CREATE_SHIPMENT"
}
2021-09-24 16:05:57,440 [INFO] com.delivery.serviceprovider.config.PubSubConfig [gcp-pubsub-subscriber4] Shipment received - {
  "shipmentId" : "b3e1e499-d0d3-47f1-b42d-f843994842a3",
  "dateCreated" : 1632479739312,
  "orderDetails" : {
    "orderId" : 13,
    "email" : "mohdff@gmail.com",
    "address" : "abcafh",
    "startTime" : null
  },
  "status" : "CREATE_SHIPMENT"
}
2021-09-24 16:05:57,440 [INFO] com.delivery.serviceprovider.config.PubSubConfig [gcp-pubsub-subscriber1] Dumping shipment in log file {
  "shipmentId" : "59cfc234-5b92-4360-864a-39adeafd059f",
  "dateCreated" : 1632479739311,
  "orderDetails" : {
    "orderId" : 13,
    "email" : "mohdff@gmail.com",
    "address" : "abcafh",
    "startTime" : null
  },
  "status" : "CREATE_SHIPMENT"
}
2021-09-24 16:05:57,440 [INFO] com.delivery.serviceprovider.config.PubSubConfig [gcp-pubsub-subscriber4] Dumping shipment in log file {
  "shipmentId" : "b3e1e499-d0d3-47f1-b42d-f843994842a3",
  "dateCreated" : 1632479739312,
  "orderDetails" : {
    "orderId" : 13,
    "email" : "mohdff@gmail.com",
    "address" : "abcafh",
    "startTime" : null
  },
  "status" : "CREATE_SHIPMENT"
}
2021-09-24 16:05:57,442 [INFO] com.delivery.serviceprovider.config.PubSubConfig [gcp-pubsub-subscriber1] Converted object Shipment(shipmentId=59cfc234-5b92-4360-864a-39adeafd059f, dateCreated=Fri Sep 24 16:05:39 IST 2021, orderDetails=OrderDetails(orderId=13, email=mohdff@gmail.com, address=abcafh, startTime=null), status=CREATE_SHIPMENT)
2021-09-24 16:05:57,442 [INFO] com.delivery.serviceprovider.config.PubSubConfig [gcp-pubsub-subscriber4] Converted object Shipment(shipmentId=b3e1e499-d0d3-47f1-b42d-f843994842a3, dateCreated=Fri Sep 24 16:05:39 IST 2021, orderDetails=OrderDetails(orderId=13, email=mohdff@gmail.com, address=abcafh, startTime=null), status=CREATE_SHIPMENT)
2021-09-24 16:06:07,447 [INFO] com.delivery.serviceprovider.service.DeliveryProvider [gcp-pubsub-subscriber1] STEP 1 :  Change status of 59cfc234-5b92-4360-864a-39adeafd059f to PENDING
2021-09-24 16:06:07,447 [INFO] com.delivery.serviceprovider.service.DeliveryProvider [gcp-pubsub-subscriber4] STEP 1 :  Change status of b3e1e499-d0d3-47f1-b42d-f843994842a3 to PENDING
2021-09-24 16:06:07,945 [INFO] com.delivery.serviceprovider.config.PubSubConfig [gcp-pubsub-publisher3] Message was sent via the outbound channel adapter to shipment-status topic
2021-09-24 16:06:07,945 [INFO] com.delivery.serviceprovider.config.PubSubConfig [gcp-pubsub-publisher3] Message was sent via the outbound channel adapter to shipment-status topic
2021-09-24 16:07:02,455 [INFO] com.delivery.serviceprovider.service.DeliveryProvider [gcp-pubsub-subscriber4] STEP 2 :  Change status to delivered b3e1e499-d0d3-47f1-b42d-f843994842a3 to DELIVERED
2021-09-24 16:07:02,455 [INFO] com.delivery.serviceprovider.service.DeliveryProvider [gcp-pubsub-subscriber1] STEP 2 :  Change status to delivered 59cfc234-5b92-4360-864a-39adeafd059f to DELIVERED
2021-09-24 16:07:02,565 [INFO] com.delivery.serviceprovider.config.PubSubConfig [gcp-pubsub-publisher2] Message was sent via the outbound channel adapter to shipment-status topic
2021-09-24 16:07:02,565 [INFO] com.delivery.serviceprovider.config.PubSubConfig [gcp-pubsub-publisher2] Message was sent via the outbound channel adapter to shipment-status topic
2021-09-24 16:15:46,480 [INFO] com.delivery.serviceprovider.config.PubSubConfig [gcp-pubsub-subscriber1] Shipment received - {
  "shipmentId" : "44a4ed4b-8a7f-48a2-985a-09dd2ec56ee4",
  "dateCreated" : 1632480345003,
  "orderDetails" : {
    "orderId" : 13,
    "email" : "mohdff@gmail.com",
    "address" : "abcafh",
    "startTime" : null
  },
  "status" : "CREATE_SHIPMENT"
}
2021-09-24 16:15:46,480 [INFO] com.delivery.serviceprovider.config.PubSubConfig [gcp-pubsub-subscriber1] Dumping shipment in log file {
  "shipmentId" : "44a4ed4b-8a7f-48a2-985a-09dd2ec56ee4",
  "dateCreated" : 1632480345003,
  "orderDetails" : {
    "orderId" : 13,
    "email" : "mohdff@gmail.com",
    "address" : "abcafh",
    "startTime" : null
  },
  "status" : "CREATE_SHIPMENT"
}
2021-09-24 16:15:46,485 [INFO] com.delivery.serviceprovider.config.PubSubConfig [gcp-pubsub-subscriber1] Converted object Shipment(shipmentId=44a4ed4b-8a7f-48a2-985a-09dd2ec56ee4, dateCreated=Fri Sep 24 16:15:45 IST 2021, orderDetails=OrderDetails(orderId=13, email=mohdff@gmail.com, address=abcafh, startTime=null), status=CREATE_SHIPMENT)
2021-09-24 16:15:56,488 [INFO] com.delivery.serviceprovider.service.DeliveryProvider [gcp-pubsub-subscriber1] STEP 1 :  Change status of 44a4ed4b-8a7f-48a2-985a-09dd2ec56ee4 to PENDING
2021-09-24 16:15:57,026 [INFO] com.delivery.serviceprovider.config.PubSubConfig [gcp-pubsub-publisher4] Message was sent via the outbound channel adapter to shipment-status topic
2021-09-24 16:16:51,501 [INFO] com.delivery.serviceprovider.service.DeliveryProvider [gcp-pubsub-subscriber1] STEP 2 :  Change status to delivered 44a4ed4b-8a7f-48a2-985a-09dd2ec56ee4 to DELIVERED
2021-09-24 16:16:51,615 [INFO] com.delivery.serviceprovider.config.PubSubConfig [gcp-pubsub-publisher4] Message was sent via the outbound channel adapter to shipment-status topic
2021-09-24 16:17:53,707 [INFO] com.delivery.serviceprovider.ServiceProviderApplication [restartedMain] Starting ServiceProviderApplication using Java 11.0.12 on WKWIN2584935 with PID 11660 (C:\Users\haryelne\Desktop\loblaws-training\delivery-service-provider\target\classes started by haryelne in C:\Users\haryelne\Desktop\loblaws-training\delivery-service-provider)
2021-09-24 16:17:53,711 [INFO] com.delivery.serviceprovider.ServiceProviderApplication [restartedMain] The following profiles are active: dev
2021-09-24 16:17:53,778 [INFO] org.springframework.boot.devtools.restart.ChangeableUrls [restartedMain] The Class-Path manifest attribute in C:\Users\haryelne\.m2\repository\io\grpc\grpc-netty-shaded\1.34.1\grpc-netty-shaded-1.34.1.jar referenced one or more files that do not exist: file:/C:/Users/haryelne/.m2/repository/io/grpc/grpc-netty-shaded/1.34.1/grpc-core-1.34.1.jar,file:/C:/Users/haryelne/.m2/repository/io/grpc/grpc-netty-shaded/1.34.1/grpc-api-1.34.1.jar,file:/C:/Users/haryelne/.m2/repository/io/grpc/grpc-netty-shaded/1.34.1/gson-2.8.6.jar,file:/C:/Users/haryelne/.m2/repository/io/grpc/grpc-netty-shaded/1.34.1/annotations-4.1.1.4.jar,file:/C:/Users/haryelne/.m2/repository/io/grpc/grpc-netty-shaded/1.34.1/animal-sniffer-annotations-1.18.jar,file:/C:/Users/haryelne/.m2/repository/io/grpc/grpc-netty-shaded/1.34.1/error_prone_annotations-2.3.4.jar,file:/C:/Users/haryelne/.m2/repository/io/grpc/grpc-netty-shaded/1.34.1/guava-29.0-android.jar,file:/C:/Users/haryelne/.m2/repository/io/grpc/grpc-netty-shaded/1.34.1/perfmark-api-0.19.0.jar,file:/C:/Users/haryelne/.m2/repository/io/grpc/grpc-netty-shaded/1.34.1/jsr305-3.0.2.jar,file:/C:/Users/haryelne/.m2/repository/io/grpc/grpc-netty-shaded/1.34.1/grpc-context-1.34.1.jar,file:/C:/Users/haryelne/.m2/repository/io/grpc/grpc-netty-shaded/1.34.1/failureaccess-1.0.1.jar,file:/C:/Users/haryelne/.m2/repository/io/grpc/grpc-netty-shaded/1.34.1/listenablefuture-9999.0-empty-to-avoid-conflict-with-guava.jar,file:/C:/Users/haryelne/.m2/repository/io/grpc/grpc-netty-shaded/1.34.1/checker-compat-qual-2.5.5.jar,file:/C:/Users/haryelne/.m2/repository/io/grpc/grpc-netty-shaded/1.34.1/j2objc-annotations-1.3.jar
2021-09-24 16:17:53,779 [INFO] org.springframework.boot.devtools.restart.ChangeableUrls [restartedMain] The Class-Path manifest attribute in C:\Users\haryelne\.m2\repository\io\grpc\grpc-alts\1.34.1\grpc-alts-1.34.1.jar referenced one or more files that do not exist: file:/C:/Users/haryelne/.m2/repository/io/grpc/grpc-alts/1.34.1/grpc-auth-1.34.1.jar,file:/C:/Users/haryelne/.m2/repository/io/grpc/grpc-alts/1.34.1/grpc-grpclb-1.34.1.jar,file:/C:/Users/haryelne/.m2/repository/io/grpc/grpc-alts/1.34.1/grpc-protobuf-1.34.1.jar,file:/C:/Users/haryelne/.m2/repository/io/grpc/grpc-alts/1.34.1/grpc-stub-1.34.1.jar,file:/C:/Users/haryelne/.m2/repository/io/grpc/grpc-alts/1.34.1/commons-lang3-3.5.jar,file:/C:/Users/haryelne/.m2/repository/io/grpc/grpc-alts/1.34.1/protobuf-java-util-3.12.0.jar,file:/C:/Users/haryelne/.m2/repository/io/grpc/grpc-alts/1.34.1/protobuf-java-3.12.0.jar,file:/C:/Users/haryelne/.m2/repository/io/grpc/grpc-alts/1.34.1/conscrypt-openjdk-uber-2.5.1.jar,file:/C:/Users/haryelne/.m2/repository/io/grpc/grpc-alts/1.34.1/google-auth-library-oauth2-http-0.22.0.jar,file:/C:/Users/haryelne/.m2/repository/io/grpc/grpc-alts/1.34.1/grpc-netty-shaded-1.34.1.jar,file:/C:/Users/haryelne/.m2/repository/io/grpc/grpc-alts/1.34.1/grpc-core-1.34.1.jar,file:/C:/Users/haryelne/.m2/repository/io/grpc/grpc-alts/1.34.1/grpc-protobuf-lite-1.34.1.jar,file:/C:/Users/haryelne/.m2/repository/io/grpc/grpc-alts/1.34.1/grpc-api-1.34.1.jar,file:/C:/Users/haryelne/.m2/repository/io/grpc/grpc-alts/1.34.1/guava-29.0-android.jar,file:/C:/Users/haryelne/.m2/repository/io/grpc/grpc-alts/1.34.1/error_prone_annotations-2.3.4.jar,file:/C:/Users/haryelne/.m2/repository/io/grpc/grpc-alts/1.34.1/google-auth-library-credentials-0.22.0.jar,file:/C:/Users/haryelne/.m2/repository/io/grpc/grpc-alts/1.34.1/animal-sniffer-annotations-1.18.jar,file:/C:/Users/haryelne/.m2/repository/io/grpc/grpc-alts/1.34.1/google-http-client-jackson2-1.37.0.jar,file:/C:/Users/haryelne/.m2/repository/io/grpc/grpc-alts/1.34.1/google-http-client-1.37.0.jar,file:/C:/Users/haryelne/.m2/repository/io/grpc/grpc-alts/1.34.1/perfmark-api-0.19.0.jar,file:/C:/Users/haryelne/.m2/repository/io/grpc/grpc-alts/1.34.1/jsr305-3.0.2.jar,file:/C:/Users/haryelne/.m2/repository/io/grpc/grpc-alts/1.34.1/proto-google-common-protos-1.17.0.jar,file:/C:/Users/haryelne/.m2/repository/io/grpc/grpc-alts/1.34.1/auto-value-annotations-1.7.4.jar,file:/C:/Users/haryelne/.m2/repository/io/grpc/grpc-alts/1.34.1/failureaccess-1.0.1.jar,file:/C:/Users/haryelne/.m2/repository/io/grpc/grpc-alts/1.34.1/listenablefuture-9999.0-empty-to-avoid-conflict-with-guava.jar,file:/C:/Users/haryelne/.m2/repository/io/grpc/grpc-alts/1.34.1/checker-compat-qual-2.5.5.jar,file:/C:/Users/haryelne/.m2/repository/io/grpc/grpc-alts/1.34.1/j2objc-annotations-1.3.jar,file:/C:/Users/haryelne/.m2/repository/io/grpc/grpc-alts/1.34.1/grpc-context-1.34.1.jar,file:/C:/Users/haryelne/.m2/repository/io/grpc/grpc-alts/1.34.1/gson-2.8.6.jar,file:/C:/Users/haryelne/.m2/repository/io/grpc/grpc-alts/1.34.1/annotations-4.1.1.4.jar,file:/C:/Users/haryelne/.m2/repository/io/grpc/grpc-alts/1.34.1/httpclient-4.5.13.jar,file:/C:/Users/haryelne/.m2/repository/io/grpc/grpc-alts/1.34.1/httpcore-4.4.13.jar,file:/C:/Users/haryelne/.m2/repository/io/grpc/grpc-alts/1.34.1/opencensus-contrib-http-util-0.24.0.jar,file:/C:/Users/haryelne/.m2/repository/io/grpc/grpc-alts/1.34.1/opencensus-api-0.24.0.jar,file:/C:/Users/haryelne/.m2/repository/io/grpc/grpc-alts/1.34.1/jackson-core-2.11.3.jar,file:/C:/Users/haryelne/.m2/repository/io/grpc/grpc-alts/1.34.1/commons-logging-1.2.jar,file:/C:/Users/haryelne/.m2/repository/io/grpc/grpc-alts/1.34.1/commons-codec-1.11.jar
2021-09-24 16:17:53,779 [INFO] org.springframework.boot.devtools.env.DevToolsPropertyDefaultsPostProcessor [restartedMain] Devtools property defaults active! Set 'spring.devtools.add-properties' to 'false' to disable
2021-09-24 16:17:53,779 [INFO] org.springframework.boot.devtools.env.DevToolsPropertyDefaultsPostProcessor [restartedMain] For additional web related logging consider setting the 'logging.level.web' property to 'DEBUG'
2021-09-24 16:17:54,748 [INFO] org.springframework.integration.config.DefaultConfiguringBeanFactoryPostProcessor [restartedMain] No bean named 'errorChannel' has been explicitly defined. Therefore, a default PublishSubscribeChannel will be created.
2021-09-24 16:17:54,759 [INFO] org.springframework.integration.config.DefaultConfiguringBeanFactoryPostProcessor [restartedMain] No bean named 'integrationHeaderChannelRegistry' has been explicitly defined. Therefore, a default DefaultHeaderChannelRegistry will be created.
2021-09-24 16:17:54,827 [INFO] org.springframework.context.support.PostProcessorRegistrationDelegate$BeanPostProcessorChecker [restartedMain] Bean 'org.springframework.integration.config.IntegrationManagementConfiguration' of type [org.springframework.integration.config.IntegrationManagementConfiguration] is not eligible for getting processed by all BeanPostProcessors (for example: not eligible for auto-proxying)
2021-09-24 16:17:54,841 [INFO] org.springframework.context.support.PostProcessorRegistrationDelegate$BeanPostProcessorChecker [restartedMain] Bean 'integrationChannelResolver' of type [org.springframework.integration.support.channel.BeanFactoryChannelResolver] is not eligible for getting processed by all BeanPostProcessors (for example: not eligible for auto-proxying)
2021-09-24 16:17:54,842 [INFO] org.springframework.context.support.PostProcessorRegistrationDelegate$BeanPostProcessorChecker [restartedMain] Bean 'integrationDisposableAutoCreatedBeans' of type [org.springframework.integration.config.annotation.Disposables] is not eligible for getting processed by all BeanPostProcessors (for example: not eligible for auto-proxying)
2021-09-24 16:17:55,649 [INFO] org.springframework.boot.web.embedded.tomcat.TomcatWebServer [restartedMain] Tomcat initialized with port(s): 9005 (http)
2021-09-24 16:17:55,661 [INFO] org.apache.catalina.core.StandardService [restartedMain] Starting service [Tomcat]
2021-09-24 16:17:55,661 [INFO] org.apache.catalina.core.StandardEngine [restartedMain] Starting Servlet engine: [Apache Tomcat/9.0.52]
2021-09-24 16:17:55,762 [INFO] org.apache.catalina.core.ContainerBase.[Tomcat].[localhost].[/] [restartedMain] Initializing Spring embedded WebApplicationContext
2021-09-24 16:17:55,762 [INFO] org.springframework.boot.web.servlet.context.ServletWebServerApplicationContext [restartedMain] Root WebApplicationContext: initialization completed in 1982 ms
2021-09-24 16:17:56,016 [INFO] org.springframework.cloud.gcp.autoconfigure.core.GcpContextAutoConfiguration [restartedMain] The default project ID is loblaws-ecommerce-training
2021-09-24 16:17:56,048 [WARN] com.google.auth.oauth2.DefaultCredentialsProvider [restartedMain] Your application has authenticated using end user credentials from Google Cloud SDK. We recommend that most server applications use service accounts instead. If your application continues to use end user credentials from Cloud SDK, you might receive a "quota exceeded" or "API not enabled" error. For more information about service accounts, see https://cloud.google.com/docs/authentication/.
2021-09-24 16:17:56,049 [INFO] org.springframework.cloud.gcp.core.DefaultCredentialsProvider [restartedMain] Default credentials provider for user 764086051850-6qr4p6gpi6hn506pt8ejuq83di341hur.apps.googleusercontent.com
2021-09-24 16:17:56,049 [INFO] org.springframework.cloud.gcp.core.DefaultCredentialsProvider [restartedMain] Scopes in use by default credentials: [https://www.googleapis.com/auth/pubsub, https://www.googleapis.com/auth/spanner.admin, https://www.googleapis.com/auth/spanner.data, https://www.googleapis.com/auth/datastore, https://www.googleapis.com/auth/sqlservice.admin, https://www.googleapis.com/auth/devstorage.read_only, https://www.googleapis.com/auth/devstorage.read_write, https://www.googleapis.com/auth/cloudruntimeconfig, https://www.googleapis.com/auth/trace.append, https://www.googleapis.com/auth/cloud-platform, https://www.googleapis.com/auth/cloud-vision, https://www.googleapis.com/auth/bigquery, https://www.googleapis.com/auth/monitoring.write]
2021-09-24 16:17:57,270 [WARN] org.springframework.boot.devtools.autoconfigure.OptionalLiveReloadServer [restartedMain] Unable to start LiveReload server
2021-09-24 16:17:57,428 [INFO] org.springframework.cloud.function.context.catalog.BeanFactoryAwareFunctionRegistry [restartedMain] Looking up function '' with acceptedOutputTypes: []
2021-09-24 16:17:57,515 [INFO] org.springframework.integration.endpoint.EventDrivenConsumer [restartedMain] Adding {logging-channel-adapter:_org.springframework.integration.errorLogger} as a subscriber to the 'errorChannel' channel
2021-09-24 16:17:57,515 [INFO] org.springframework.integration.channel.PublishSubscribeChannel [restartedMain] Channel 'Delivery Service Provider.errorChannel' has 1 subscriber(s).
2021-09-24 16:17:57,516 [INFO] org.springframework.integration.endpoint.EventDrivenConsumer [restartedMain] started bean '_org.springframework.integration.errorLogger'
2021-09-24 16:17:57,516 [INFO] org.springframework.integration.endpoint.EventDrivenConsumer [restartedMain] Adding {message-handler:pubSubConfig.shipmentCreatedMessageSender.serviceActivator} as a subscriber to the 'deliveryStatusUpdate' channel
2021-09-24 16:17:57,516 [INFO] org.springframework.integration.channel.DirectChannel [restartedMain] Channel 'Delivery Service Provider.deliveryStatusUpdate' has 1 subscriber(s).
2021-09-24 16:17:57,516 [INFO] org.springframework.integration.endpoint.EventDrivenConsumer [restartedMain] started bean 'pubSubConfig.shipmentCreatedMessageSender.serviceActivator'
2021-09-24 16:17:57,517 [INFO] org.springframework.integration.endpoint.EventDrivenConsumer [restartedMain] Adding {service-activator:pubSubConfig.orderFulfillMessageReceiver.serviceActivator} as a subscriber to the 'shipmentCreatedForDelivery' channel
2021-09-24 16:17:57,517 [INFO] org.springframework.integration.channel.DirectChannel [restartedMain] Channel 'Delivery Service Provider.shipmentCreatedForDelivery' has 1 subscriber(s).
2021-09-24 16:17:57,517 [INFO] org.springframework.integration.endpoint.EventDrivenConsumer [restartedMain] started bean 'pubSubConfig.orderFulfillMessageReceiver.serviceActivator'
2021-09-24 16:17:57,518 [INFO] org.springframework.integration.gateway.GatewayProxyFactoryBean$MethodInvocationGateway [restartedMain] started bean 'pubSubOutboundGateway#sendToDeliveryStatusUpdate(String)'
2021-09-24 16:17:57,518 [INFO] org.springframework.integration.gateway.GatewayProxyFactoryBean [restartedMain] started bean 'pubSubOutboundGateway'
2021-09-24 16:17:57,542 [INFO] org.springframework.cloud.gcp.pubsub.integration.inbound.PubSubInboundChannelAdapter [restartedMain] started bean 'shipmentCreatedInboundChannel'; defined in: 'class path resource [com/delivery/serviceprovider/config/PubSubConfig.class]'; from source: 'com.delivery.serviceprovider.config.PubSubConfig.shipmentCreatedInboundChannel(org.springframework.messaging.MessageChannel,org.springframework.cloud.gcp.pubsub.core.PubSubTemplate)'
2021-09-24 16:17:57,555 [INFO] org.springframework.boot.web.embedded.tomcat.TomcatWebServer [restartedMain] Tomcat started on port(s): 9005 (http) with context path ''
2021-09-24 16:17:57,574 [INFO] com.delivery.serviceprovider.ServiceProviderApplication [restartedMain] Started ServiceProviderApplication in 4.335 seconds (JVM running for 5.032)
2021-09-24 16:31:47,314 [INFO] org.springframework.integration.handler.support.MessagingMethodInvokerHelper [gcp-pubsub-subscriber3] Overriding default instance of MessageHandlerMethodFactory with provided one.
2021-09-24 16:31:47,336 [INFO] com.delivery.serviceprovider.config.PubSubConfig [gcp-pubsub-subscriber3] Shipment received - {
  "shipmentId" : "6ed11bbb-a9c2-45b9-a958-0afb70ed6297",
  "dateCreated" : 1632481305663,
  "orderDetails" : {
    "orderId" : 16,
    "email" : "mohdff@gmail.com",
    "address" : "abcafh",
    "startTime" : 1632421800000
  },
  "status" : "CREATE_SHIPMENT"
}
2021-09-24 16:31:47,337 [INFO] com.delivery.serviceprovider.config.PubSubConfig [gcp-pubsub-subscriber3] Dumping shipment in log file {
  "shipmentId" : "6ed11bbb-a9c2-45b9-a958-0afb70ed6297",
  "dateCreated" : 1632481305663,
  "orderDetails" : {
    "orderId" : 16,
    "email" : "mohdff@gmail.com",
    "address" : "abcafh",
    "startTime" : 1632421800000
  },
  "status" : "CREATE_SHIPMENT"
}
2021-09-24 16:31:47,396 [INFO] com.delivery.serviceprovider.config.PubSubConfig [gcp-pubsub-subscriber3] Converted object Shipment(shipmentId=6ed11bbb-a9c2-45b9-a958-0afb70ed6297, dateCreated=Fri Sep 24 16:31:45 IST 2021, orderDetails=OrderDetails(orderId=16, email=mohdff@gmail.com, address=abcafh, startTime=Fri Sep 24 00:00:00 IST 2021), status=CREATE_SHIPMENT)
2021-09-24 16:31:57,406 [INFO] com.delivery.serviceprovider.service.DeliveryProvider [gcp-pubsub-subscriber3] STEP 2 :  Change status to delivered 6ed11bbb-a9c2-45b9-a958-0afb70ed6297 to DELIVERED
2021-09-24 16:32:02,175 [INFO] com.delivery.serviceprovider.config.PubSubConfig [gcp-pubsub-publisher3] Message was sent via the outbound channel adapter to shipment-status topic
2021-09-24 18:00:54,838 [INFO] com.delivery.serviceprovider.config.PubSubConfig [gcp-pubsub-subscriber4] Shipment received - {
  "shipmentId" : "09d7a25b-c6d3-48e6-b415-d947e1ddcd5e",
  "dateCreated" : 1632486649196,
  "orderDetails" : {
    "orderId" : 17,
    "email" : "mohdff@gmail.com",
    "address" : "abcafh",
    "startTime" : 1632421800000
  },
  "status" : "CREATE_SHIPMENT"
}
2021-09-24 18:00:54,839 [INFO] com.delivery.serviceprovider.config.PubSubConfig [gcp-pubsub-subscriber4] Dumping shipment in log file {
  "shipmentId" : "09d7a25b-c6d3-48e6-b415-d947e1ddcd5e",
  "dateCreated" : 1632486649196,
  "orderDetails" : {
    "orderId" : 17,
    "email" : "mohdff@gmail.com",
    "address" : "abcafh",
    "startTime" : 1632421800000
  },
  "status" : "CREATE_SHIPMENT"
}
2021-09-24 18:00:54,844 [INFO] com.delivery.serviceprovider.config.PubSubConfig [gcp-pubsub-subscriber4] Converted object Shipment(shipmentId=09d7a25b-c6d3-48e6-b415-d947e1ddcd5e, dateCreated=Fri Sep 24 18:00:49 IST 2021, orderDetails=OrderDetails(orderId=17, email=mohdff@gmail.com, address=abcafh, startTime=Fri Sep 24 00:00:00 IST 2021), status=CREATE_SHIPMENT)
2021-09-24 18:01:04,858 [INFO] com.delivery.serviceprovider.service.DeliveryProvider [gcp-pubsub-subscriber4] STEP 2 :  Change status to delivered 09d7a25b-c6d3-48e6-b415-d947e1ddcd5e to DELIVERED
2021-09-24 18:01:09,579 [INFO] com.delivery.serviceprovider.config.PubSubConfig [gcp-pubsub-publisher2] Message was sent via the outbound channel adapter to shipment-status topic
